23:10:52 **** Incremental Build of configuration Default for project mw336071 ****
make all 
mpic++ -Wall -c --std=c++11 -O3 -o matrixmul.o matrixmul.cpp 
matrixmul.cpp: In member function ‘void DenseMatrix::print() const’:
matrixmul.cpp:110:21: warning: unused variable ‘col’ [-Wunused-variable]
    for (const auto& col : row) {
                     ^
matrixmul.cpp: In function ‘int main(int, char**)’:
matrixmul.cpp:483:39: warning: variable ‘comp_start’ set but not used [-Wunused-but-set-variable]
  double comm_start = 0, comm_end = 0, comp_start = 0, comp_end = 0;
                                       ^
matrixmul.cpp:483:55: warning: variable ‘comp_end’ set but not used [-Wunused-but-set-variable]
  double comm_start = 0, comm_end = 0, comp_start = 0, comp_end = 0;
                                                       ^
matrixmul.cpp:484:9: warning: variable ‘ge_element’ set but not used [-Wunused-but-set-variable]
  double ge_element = 0;
         ^
mpic++ -Wall --std=c++11 -O3 matrixmul.o densematgen.o utils.o -o matrixmul
mpic++ -Wall -c --std=c++11 -g -ggdb -o matrixmul_deb.o matrixmul.cpp 
matrixmul.cpp: In member function ‘void DenseMatrix::print() const’:
matrixmul.cpp:110:21: warning: unused variable ‘col’ [-Wunused-variable]
    for (const auto& col : row) {
                     ^
matrixmul.cpp: In function ‘int main(int, char**)’:
matrixmul.cpp:483:39: warning: variable ‘comp_start’ set but not used [-Wunused-but-set-variable]
  double comm_start = 0, comm_end = 0, comp_start = 0, comp_end = 0;
                                       ^
matrixmul.cpp:483:55: warning: variable ‘comp_end’ set but not used [-Wunused-but-set-variable]
  double comm_start = 0, comm_end = 0, comp_start = 0, comp_end = 0;
                                                       ^
matrixmul.cpp:484:9: warning: variable ‘ge_element’ set but not used [-Wunused-but-set-variable]
  double ge_element = 0;
         ^
mpic++ -Wall --std=c++11 -g -ggdb matrixmul_deb.o densematgen.o utils.o -o matrixmul_deb
